DEBUG - 2016-08-04 10:19:14 --> Query : SELECT * FROM admin WHERE user='yiren' limit 1
DEBUG - 2016-08-04 10:19:16 --> Query : SELECT * FROM admin WHERE user='yiren' limit 1
DEBUG - 2016-08-04 10:19:17 --> Query : SELECT * FROM admin WHERE user='yiren' limit 1
DEBUG - 2016-08-04 10:19:23 --> Query : SELECT * FROM admin WHERE user='yiren' limit 1
DEBUG - 2016-08-04 10:20:02 --> Query : SELECT * FROM admin WHERE user='yiren' limit 1
DEBUG - 2016-08-04 10:21:15 --> Query : SELECT count(*) num FROM account GROUP BY kind order by kind asc
DEBUG - 2016-08-04 10:21:15 --> Query : SELECT COUNT(*) AS `numrows`
FROM `account`
WHERE `regTime` > '2016-08-04'
DEBUG - 2016-08-04 10:21:15 --> Query : SELECT count(*) num,kind FROM `order` WHERE status<5 GROUP BY kind
DEBUG - 2016-08-04 10:21:21 --> Query : SELECT refund.*, charge.channel, account.name user, tel, from_unixtime(refund.dealTime) dealTime, charge.createTime
FROM `refund`
JOIN account ON refund.uid=account.id
JOIN charge ON refund.chargeId=charge.id
ORDER BY refund.status desc,id desc
 LIMIT 15
DEBUG - 2016-08-04 10:21:21 --> Query : SELECT COUNT(*) AS `numrows` FROM `refund`
DEBUG - 2016-08-04 10:22:12 --> Query : SELECT id, name
FROM `account`
WHERE `name` LIKE '%杨%' ESCAPE '!'
DEBUG - 2016-08-04 10:22:13 --> Query : SELECT *
FROM `order`
WHERE `time` < 1470276433
AND `status` <= 1
DEBUG - 2016-08-04 10:22:14 --> Query : SELECT status FROM account WHERE id='144' limit 1
DEBUG - 2016-08-04 10:22:14 --> Query : SELECT orderInfo FROM teacher WHERE id='144' limit 1
DEBUG - 2016-08-04 10:22:14 --> Query : SELECT info
FROM `order`
WHERE `tid` = '144'
AND `status` < 5
DEBUG - 2016-08-04 10:22:14 --> Query : SELECT id,grade,price FROM teacher WHERE id='144' limit 1
DEBUG - 2016-08-04 10:22:14 --> Query : SELECT * FROM activity WHERE id=6 limit 1
DEBUG - 2016-08-04 10:22:19 --> Query : SELECT orderInfo FROM teacher WHERE id='144' limit 1
DEBUG - 2016-08-04 10:22:19 --> Query : SELECT id, name
FROM `place`
WHERE `id` IN(59)
DEBUG - 2016-08-04 10:22:37 --> Query : SELECT id, name
FROM `account`
WHERE `name` LIKE '%m%' ESCAPE '!'
DEBUG - 2016-08-04 11:06:47 --> Query : SELECT seeds.id, left(content, 15) content, seeds.time, name
FROM `seeds`
JOIN account ON account.id=seeds.uid
ORDER BY seeds.id DESC
 LIMIT 15
DEBUG - 2016-08-04 11:06:47 --> Query : SELECT COUNT(*) AS `numrows`
FROM `seeds`
JOIN account ON account.id=seeds.uid
ORDER BY seeds.id DESC
DEBUG - 2016-08-04 11:07:00 --> Query : SELECT uid, content
FROM `seeds`
WHERE `id` IN('38')
DEBUG - 2016-08-04 11:07:00 --> Query : DELETE FROM `seeds`
WHERE `id` IN('38')
DEBUG - 2016-08-04 11:07:00 --> Query : DELETE FROM `scomment`
WHERE `sid` IN('38')
DEBUG - 2016-08-04 11:07:00 --> Query : DELETE FROM `praise`
WHERE `sid` IN('38')
DEBUG - 2016-08-04 11:07:00 --> Query : INSERT INTO `oprate_log` (`link`, `text`, `type`, `uid`) VALUES ('214','删除了驾友圈测试',6,1)
DEBUG - 2016-08-04 11:13:58 --> Query : SELECT seeds.id, content, pics, seeds.time, name, praise
FROM `seeds`
JOIN account ON account.id=seeds.uid
WHERE `seeds`.`id` = '43'
DEBUG - 2016-08-04 11:16:12 --> Query : SELECT uid, content
FROM `seeds`
WHERE `id` IN('38', '37')
DEBUG - 2016-08-04 11:16:12 --> Query : DELETE FROM `seeds`
WHERE `id` IN('38', '37')
DEBUG - 2016-08-04 11:16:12 --> Query : DELETE FROM `scomment`
WHERE `sid` IN('38', '37')
DEBUG - 2016-08-04 11:16:12 --> Query : DELETE FROM `praise`
WHERE `sid` IN('38', '37')
DEBUG - 2016-08-04 11:16:12 --> Query : INSERT INTO `oprate_log` (`link`, `text`, `type`, `uid`) VALUES ('214','删除了驾友圈测试',6,1)
DEBUG - 2016-08-04 11:16:16 --> Query : SELECT uid, content
FROM `seeds`
WHERE `id` IN('38', '37')
DEBUG - 2016-08-04 11:16:16 --> Query : DELETE FROM `seeds`
WHERE `id` IN('38', '37')
DEBUG - 2016-08-04 11:16:16 --> Query : DELETE FROM `scomment`
WHERE `sid` IN('38', '37')
DEBUG - 2016-08-04 11:16:16 --> Query : DELETE FROM `praise`
WHERE `sid` IN('38', '37')
DEBUG - 2016-08-04 11:22:39 --> Query : SELECT seeds.id, left(content, 15) content, seeds.time, name
FROM `seeds`
JOIN account ON account.id=seeds.uid
ORDER BY seeds.id DESC
 LIMIT 15
DEBUG - 2016-08-04 11:22:39 --> Query : SELECT COUNT(*) AS `numrows`
FROM `seeds`
JOIN account ON account.id=seeds.uid
ORDER BY seeds.id DESC
DEBUG - 2016-08-04 11:22:47 --> Query : SELECT uid, content
FROM `seeds`
WHERE `id` IN('32')
DEBUG - 2016-08-04 11:22:47 --> Query : DELETE FROM `seeds`
WHERE `id` IN('32')
DEBUG - 2016-08-04 11:22:47 --> Query : DELETE FROM `scomment`
WHERE `sid` IN('32')
DEBUG - 2016-08-04 11:22:47 --> Query : DELETE FROM `praise`
WHERE `sid` IN('32')
DEBUG - 2016-08-04 11:22:47 --> Query : INSERT INTO `oprate_log` (`link`, `text`, `type`, `uid`) VALUES ('58','删除了驾友圈测试',6,1)
DEBUG - 2016-08-04 11:22:48 --> Query : SELECT seeds.id, left(content, 15) content, seeds.time, name
FROM `seeds`
JOIN account ON account.id=seeds.uid
ORDER BY seeds.id DESC
 LIMIT 15
DEBUG - 2016-08-04 11:22:48 --> Query : SELECT COUNT(*) AS `numrows`
FROM `seeds`
JOIN account ON account.id=seeds.uid
ORDER BY seeds.id DESC
DEBUG - 2016-08-04 11:25:56 --> Query : SELECT seeds.id, left(content, 15) content, seeds.time, name
FROM `seeds`
JOIN account ON account.id=seeds.uid
ORDER BY seeds.id DESC
 LIMIT 15
DEBUG - 2016-08-04 11:25:56 --> Query : SELECT COUNT(*) AS `numrows`
FROM `seeds`
JOIN account ON account.id=seeds.uid
ORDER BY seeds.id DESC
DEBUG - 2016-08-04 11:26:28 --> Query : SELECT seeds.id, left(content, 15) content, seeds.time, name
FROM `seeds`
JOIN account ON account.id=seeds.uid
ORDER BY seeds.id DESC
 LIMIT 15
DEBUG - 2016-08-04 11:26:28 --> Query : SELECT COUNT(*) AS `numrows`
FROM `seeds`
JOIN account ON account.id=seeds.uid
ORDER BY seeds.id DESC
DEBUG - 2016-08-04 11:26:32 --> Query : SELECT uid, content
FROM `seeds`
WHERE `id` IN('31')
DEBUG - 2016-08-04 11:26:32 --> Query : DELETE FROM `seeds`
WHERE `id` IN('31')
DEBUG - 2016-08-04 11:26:32 --> Query : DELETE FROM `scomment`
WHERE `sid` IN('31')
DEBUG - 2016-08-04 11:26:32 --> Query : DELETE FROM `praise`
WHERE `sid` IN('31')
DEBUG - 2016-08-04 11:26:32 --> Query : INSERT INTO `oprate_log` (`link`, `text`, `type`, `uid`) VALUES ('214','删除了驾友圈测试',6,1)
DEBUG - 2016-08-04 11:26:34 --> Query : SELECT seeds.id, left(content, 15) content, seeds.time, name
FROM `seeds`
JOIN account ON account.id=seeds.uid
ORDER BY seeds.id DESC
 LIMIT 15
DEBUG - 2016-08-04 11:26:34 --> Query : SELECT COUNT(*) AS `numrows`
FROM `seeds`
JOIN account ON account.id=seeds.uid
ORDER BY seeds.id DESC
DEBUG - 2016-08-04 11:28:05 --> Query : SELECT tcomment.id, stu.name stu, tea.name tea, `describe`, quality, attitude, teachTime, left(content, 15) content, tcomment.time
FROM `tcomment`
JOIN account stu ON stu.id=tcomment.uid
JOIN account tea ON tea.id=tcomment.tid
ORDER BY tcomment.id DESC
 LIMIT 20
DEBUG - 2016-08-04 11:28:05 --> Query : SELECT COUNT(*) AS `numrows`
FROM `tcomment`
JOIN account stu ON stu.id=tcomment.uid
JOIN account tea ON tea.id=tcomment.tid
ORDER BY tcomment.id DESC
DEBUG - 2016-08-04 16:18:56 --> Query : SELECT count(*) num FROM account GROUP BY kind order by kind asc
DEBUG - 2016-08-04 16:18:56 --> Query : SELECT COUNT(*) AS `numrows`
FROM `account`
WHERE `regTime` > '2016-08-04'
DEBUG - 2016-08-04 16:18:56 --> Query : SELECT count(*) num,kind FROM `order` WHERE status<5 GROUP BY kind
